Using pre-set license
Built from '2020.3/staging' branch; Version is '2020.3.0f1 (c7b5465681fb) revision 13088070'; Using compiler version '192528614'; Build Type 'Release'
OS: 'Windows 10 Home Single Language; OS build 19042.928; Version 2009; 64bit' Language: 'ru' Physical Memory: 8124 MB
BatchMode: 1, IsHumanControllingUs: 0, StartBugReporterOnCrash: 0, Is64bit: 1, IsPro: 0

 COMMAND LINE ARGUMENTS:
E:\Software\Unity 3D\2020.3.0f1\Editor\Unity.exe
-adb2
-batchMode
-noUpm
-name
AssetImportWorker0
-projectPath
E:/Repos/Unity2D/TileVania
-logFile
Logs/AssetImportWorker0.log
-srvPort
63082
Successfully changed project path to: E:/Repos/Unity2D/TileVania
E:/Repos/Unity2D/TileVania
Using Asset Import Pipeline V2.
Default GameObject BitMask: Water already registered

Refreshing native plugins compatible for Editor in 62.43 ms, found 1 plugins.
Preloading 0 native plugins for Editor in 0.00 ms.
Initialize engine version: 2020.3.0f1 (c7b5465681fb)
[Subsystems] Discovering subsystems at path E:/Software/Unity 3D/2020.3.0f1/Editor/Data/Resources/UnitySubsystems
[Subsystems] Discovering subsystems at path E:/Repos/Unity2D/TileVania/Assets
GfxDevice: creating device client; threaded=0
Direct3D:
    Version:  Direct3D 11.0 [level 11.0]
    Renderer: NVIDIA GeForce GT 750M (ID=0xfe4)
    Vendor:   
    VRAM:     4054 MB
    Driver:   25.21.14.2531
Initialize mono
Mono path[0] = 'E:/Software/Unity 3D/2020.3.0f1/Editor/Data/Managed'
Mono path[1] = 'E:/Software/Unity 3D/2020.3.0f1/Editor/Data/MonoBleedingEdge/lib/mono/unityjit'
Mono config path = 'E:/Software/Unity 3D/2020.3.0f1/Editor/Data/MonoBleedingEdge/etc'
Using monoOptions --debugger-agent=transport=dt_socket,embedding=1,server=y,suspend=n,address=127.0.0.1:56156
Begin MonoManager ReloadAssembly
Registering precompiled unity dll's ...
Register platform support module: E:/Software/Unity 3D/2020.3.0f1/Editor/Data/PlaybackEngines/WebGLSupport/UnityEditor.WebGL.Extensions.dll
Register platform support module: E:/Software/Unity 3D/2020.3.0f1/Editor/Data/PlaybackEngines/WindowsStandaloneSupport/UnityEditor.WindowsStandalone.Extensions.dll
Registered in 0.001835 seconds.
Native extension for WindowsStandalone target not found
Native extension for WebGL target not found
Refreshing native plugins compatible for Editor in 52.33 ms, found 1 plugins.
Preloading 0 native plugins for Editor in 0.00 ms.
Invoked RoslynAnalysisRunner static constructor.
RoslynAnalysisRunner will not be running.
RoslynAnalysisRunner has terminated.
Mono: successfully reloaded assembly
- Completed reload, in  1.431 seconds
Platform modules already initialized, skipping
Registering precompiled user dll's ...
Registered in 0.000985 seconds.
Begin MonoManager ReloadAssembly
Native extension for WindowsStandalone target not found
Native extension for WebGL target not found
Refreshing native plugins compatible for Editor in 53.40 ms, found 1 plugins.
Preloading 0 native plugins for Editor in 0.00 ms.
Invoked RoslynAnalysisRunner static constructor.
RoslynAnalysisRunner will not be running.
RoslynAnalysisRunner has terminated.
Mono: successfully reloaded assembly
- Completed reload, in  1.282 seconds
Platform modules already initialized, skipping
========================================================================
Worker process is ready to serve import requests
Default GameObject BitMask: Water already registered

Launched and connected shader compiler UnityShaderCompiler.exe after 0.06 seconds
Refreshing native plugins compatible for Editor in 0.53 ms, found 1 plugins.
Preloading 0 native plugins for Editor in 0.00 ms.
Unloading 2131 Unused Serialized files (Serialized files now loaded: 0)
System memory in use before: 97.8 MB.
System memory in use after: 97.8 MB.

Unloading 23 unused Assets to reduce memory usage. Loaded Objects now: 2578.
Total: 3.764200 ms (FindLiveObjects: 0.375700 ms CreateObjectMapping: 0.442000 ms MarkObjects: 2.808300 ms  DeleteObjects: 0.136500 ms)

========================================================================
Received Import Request.
  path: Assets/Sprites and Tiles/Sprites/cavesofgallet_tiles.png
  artifactKey: Guid(709b40e03c469e140b3307ab428dc40d) Importer(815301076,1909f56bfc062723c751e8b465ee728b)
Start importing Assets/Sprites and Tiles/Sprites/cavesofgallet_tiles.png using Guid(709b40e03c469e140b3307ab428dc40d) Importer(815301076,1909f56bfc062723c751e8b465ee728b)  -> (artifact id: '6a6100a1ff4b81be9fff0779e1cf0a45') in 0.488380 seconds
  Import took 0.512182 seconds .

========================================================================
Received Prepare
Default GameObject BitMask: Water already registered

Registering precompiled user dll's ...
Registered in 0.001141 seconds.
Begin MonoManager ReloadAssembly
Native extension for WindowsStandalone target not found
Native extension for WebGL target not found
Refreshing native plugins compatible for Editor in 0.48 ms, found 1 plugins.
Preloading 0 native plugins for Editor in 0.00 ms.
Invoked RoslynAnalysisRunner static constructor.
RoslynAnalysisRunner will not be running.
RoslynAnalysisRunner has terminated.
Mono: successfully reloaded assembly
- Completed reload, in  1.163 seconds
Platform modules already initialized, skipping
Refreshing native plugins compatible for Editor in 0.70 ms, found 1 plugins.
Preloading 0 native plugins for Editor in 0.00 ms.
Unloading 2109 Unused Serialized files (Serialized files now loaded: 0)
System memory in use before: 99.5 MB.
System memory in use after: 99.5 MB.

Unloading 12 unused Assets to reduce memory usage. Loaded Objects now: 2589.
Total: 2.907500 ms (FindLiveObjects: 0.294000 ms CreateObjectMapping: 0.134100 ms MarkObjects: 2.345500 ms  DeleteObjects: 0.132300 ms)

========================================================================
Received Prepare
Default GameObject BitMask: Water already registered

Refreshing native plugins compatible for Editor in 1.85 ms, found 1 plugins.
Preloading 0 native plugins for Editor in 0.00 ms.
Unloading 9 Unused Serialized files (Serialized files now loaded: 0)
System memory in use before: 57.9 MB.
System memory in use after: 58.0 MB.

Unloading 9 unused Assets to reduce memory usage. Loaded Objects now: 2589.
Total: 6.879600 ms (FindLiveObjects: 0.495600 ms CreateObjectMapping: 0.220800 ms MarkObjects: 6.001700 ms  DeleteObjects: 0.158900 ms)

========================================================================
Received Import Request.
  Time since last request: 1233.805005 seconds.
  path: Assets/Sprites and Tiles/Sprites/cavesofgallet_tiles.png
  artifactKey: Guid(709b40e03c469e140b3307ab428dc40d) Importer(815301076,1909f56bfc062723c751e8b465ee728b)
Start importing Assets/Sprites and Tiles/Sprites/cavesofgallet_tiles.png using Guid(709b40e03c469e140b3307ab428dc40d) Importer(815301076,1909f56bfc062723c751e8b465ee728b)  -> (artifact id: '6424d887c22b93ed3609039c348ae37e') in 0.380522 seconds
  Import took 0.429696 seconds .

========================================================================
Received Prepare
Default GameObject BitMask: Water already registered

Registering precompiled user dll's ...
Registered in 0.001725 seconds.
Begin MonoManager ReloadAssembly
Native extension for WindowsStandalone target not found
Native extension for WebGL target not found
Refreshing native plugins compatible for Editor in 0.50 ms, found 1 plugins.
Preloading 0 native plugins for Editor in 0.00 ms.
Invoked RoslynAnalysisRunner static constructor.
RoslynAnalysisRunner will not be running.
RoslynAnalysisRunner has terminated.
Mono: successfully reloaded assembly
- Completed reload, in  1.106 seconds
Platform modules already initialized, skipping
Refreshing native plugins compatible for Editor in 0.51 ms, found 1 plugins.
Preloading 0 native plugins for Editor in 0.00 ms.
Unloading 2109 Unused Serialized files (Serialized files now loaded: 0)
System memory in use before: 99.6 MB.
System memory in use after: 99.6 MB.

Unloading 12 unused Assets to reduce memory usage. Loaded Objects now: 2594.
Total: 3.212300 ms (FindLiveObjects: 0.325900 ms CreateObjectMapping: 0.390500 ms MarkObjects: 2.380300 ms  DeleteObjects: 0.113900 ms)

========================================================================
Received Import Request.
  Time since last request: 161.776596 seconds.
  path: Assets/Sprites and Tiles/Sprites/cavesofgallet_tiles.png
  artifactKey: Guid(709b40e03c469e140b3307ab428dc40d) Importer(815301076,1909f56bfc062723c751e8b465ee728b)
Start importing Assets/Sprites and Tiles/Sprites/cavesofgallet_tiles.png using Guid(709b40e03c469e140b3307ab428dc40d) Importer(815301076,1909f56bfc062723c751e8b465ee728b)  -> (artifact id: '69975c2cf37c920bc1ecb2794c53bebd') in 0.275613 seconds
  Import took 0.572561 seconds .

========================================================================
Received Prepare
Default GameObject BitMask: Water already registered

Registering precompiled user dll's ...
Registered in 0.001074 seconds.
Begin MonoManager ReloadAssembly
Native extension for WindowsStandalone target not found
Native extension for WebGL target not found
Refreshing native plugins compatible for Editor in 0.49 ms, found 1 plugins.
Preloading 0 native plugins for Editor in 0.00 ms.
Invoked RoslynAnalysisRunner static constructor.
RoslynAnalysisRunner will not be running.
RoslynAnalysisRunner has terminated.
Mono: successfully reloaded assembly
- Completed reload, in  1.112 seconds
Platform modules already initialized, skipping
Refreshing native plugins compatible for Editor in 0.58 ms, found 1 plugins.
Preloading 0 native plugins for Editor in 0.00 ms.
Unloading 2109 Unused Serialized files (Serialized files now loaded: 0)
System memory in use before: 99.6 MB.
System memory in use after: 99.6 MB.

Unloading 12 unused Assets to reduce memory usage. Loaded Objects now: 2599.
Total: 3.153100 ms (FindLiveObjects: 0.417100 ms CreateObjectMapping: 0.142500 ms MarkObjects: 2.470800 ms  DeleteObjects: 0.120900 ms)

========================================================================
Received Import Request.
  Time since last request: 292.276977 seconds.
  path: Assets/Standard Assets/CrossPlatformInput/Sprites/ButtonAcceleratorOverSprite.png
  artifactKey: Guid(eb5f6e2757c821940b69cf1456f7865a) Importer(815301076,1909f56bfc062723c751e8b465ee728b)
Start importing Assets/Standard Assets/CrossPlatformInput/Sprites/ButtonAcceleratorOverSprite.png using Guid(eb5f6e2757c821940b69cf1456f7865a) Importer(815301076,1909f56bfc062723c751e8b465ee728b)  -> (artifact id: '7bfccbd57035000208837bbd51d45695') in 0.159909 seconds
  Import took 0.167592 seconds .

========================================================================
Received Import Request.
  Time since last request: 0.000270 seconds.
  path: Assets/Standard Assets/CrossPlatformInput/Sprites/ButtonBrakeUpSprite.png
  artifactKey: Guid(827c9cd4a3943534f909ac6473e17288) Importer(815301076,1909f56bfc062723c751e8b465ee728b)
Start importing Assets/Standard Assets/CrossPlatformInput/Sprites/ButtonBrakeUpSprite.png using Guid(827c9cd4a3943534f909ac6473e17288) Importer(815301076,1909f56bfc062723c751e8b465ee728b)  -> (artifact id: 'b9210fa67ed77b6b132bad5a20852832') in 0.039242 seconds
  Import took 0.050825 seconds .

========================================================================
Received Import Request.
  Time since last request: 0.000267 seconds.
  path: Assets/Standard Assets/CrossPlatformInput/Sprites/ButtonThumbstickOverSprite.png
  artifactKey: Guid(5485e2f56028a3c4cb54f5caa167377e) Importer(815301076,1909f56bfc062723c751e8b465ee728b)
Start importing Assets/Standard Assets/CrossPlatformInput/Sprites/ButtonThumbstickOverSprite.png using Guid(5485e2f56028a3c4cb54f5caa167377e) Importer(815301076,1909f56bfc062723c751e8b465ee728b)  -> (artifact id: '4c1dfe03f35c12a47e2438e0c61fd508') in 0.077989 seconds
  Import took 0.099394 seconds .

========================================================================
Received Import Request.
  Time since last request: 0.000268 seconds.
  path: Assets/Standard Assets/CrossPlatformInput/Sprites/ButtonTimescaleFullUpSprite.png
  artifactKey: Guid(0c6271a290ef75b4c97d58746c86c5b8) Importer(815301076,1909f56bfc062723c751e8b465ee728b)
Start importing Assets/Standard Assets/CrossPlatformInput/Sprites/ButtonTimescaleFullUpSprite.png using Guid(0c6271a290ef75b4c97d58746c86c5b8) Importer(815301076,1909f56bfc062723c751e8b465ee728b)  -> (artifact id: 'd34afa17d4e03939ae7a4b91a0eafff1') in 0.106680 seconds
  Import took 0.113005 seconds .

========================================================================
Received Import Request.
  Time since last request: 0.000295 seconds.
  path: Assets/Standard Assets/CrossPlatformInput/Sprites/ButtonTimescaleSlowUpSprite.png
  artifactKey: Guid(9d7c6e4896067aa4fa512a00f692ac1c) Importer(815301076,1909f56bfc062723c751e8b465ee728b)
Start importing Assets/Standard Assets/CrossPlatformInput/Sprites/ButtonTimescaleSlowUpSprite.png using Guid(9d7c6e4896067aa4fa512a00f692ac1c) Importer(815301076,1909f56bfc062723c751e8b465ee728b)  -> (artifact id: 'd4cea59ad93f4e9e61893cf6784e3484') in 0.105324 seconds
  Import took 0.111587 seconds .

========================================================================
Received Import Request.
  Time since last request: 0.000284 seconds.
  path: Assets/Standard Assets/CrossPlatformInput/Sprites/ButtonArrowOverSprite.png
  artifactKey: Guid(49b611e658efbf443b686a4036f74fe3) Importer(815301076,1909f56bfc062723c751e8b465ee728b)
Start importing Assets/Standard Assets/CrossPlatformInput/Sprites/ButtonArrowOverSprite.png using Guid(49b611e658efbf443b686a4036f74fe3) Importer(815301076,1909f56bfc062723c751e8b465ee728b)  -> (artifact id: '3df1e0be708bd006d06fc3cfbc0ed036') in 0.057197 seconds
  Import took 0.087593 seconds .

========================================================================
Received Import Request.
  Time since last request: 0.000315 seconds.
  path: Assets/Standard Assets/CrossPlatformInput/Sprites/ButtonBrakeOverSprite.png
  artifactKey: Guid(5b1a64ea234fb2343b8d0686c51280de) Importer(815301076,1909f56bfc062723c751e8b465ee728b)
Start importing Assets/Standard Assets/CrossPlatformInput/Sprites/ButtonBrakeOverSprite.png using Guid(5b1a64ea234fb2343b8d0686c51280de) Importer(815301076,1909f56bfc062723c751e8b465ee728b)  -> (artifact id: '3323d22c0bb4e137721c718ff943f295') in 0.110728 seconds
  Import took 0.139607 seconds .

========================================================================
Received Import Request.
  Time since last request: 0.000239 seconds.
  path: Assets/Standard Assets/CrossPlatformInput/Sprites/ButtonSpacebarSprite.png
  artifactKey: Guid(3d8675433a508ec47b8f895201eacf20) Importer(815301076,1909f56bfc062723c751e8b465ee728b)
Start importing Assets/Standard Assets/CrossPlatformInput/Sprites/ButtonSpacebarSprite.png using Guid(3d8675433a508ec47b8f895201eacf20) Importer(815301076,1909f56bfc062723c751e8b465ee728b)  -> (artifact id: 'ff69ea6413466dc46b132fb8c2456b42') in 0.070851 seconds
  Import took 0.101841 seconds .

========================================================================
Received Import Request.
  Time since last request: 0.000243 seconds.
  path: Assets/Standard Assets/CrossPlatformInput/Sprites/ButtonThumbstickUpSprite.png
  artifactKey: Guid(9866a92691696b346901281f2b329034) Importer(815301076,1909f56bfc062723c751e8b465ee728b)
Start importing Assets/Standard Assets/CrossPlatformInput/Sprites/ButtonThumbstickUpSprite.png using Guid(9866a92691696b346901281f2b329034) Importer(815301076,1909f56bfc062723c751e8b465ee728b)  -> (artifact id: '64398ec7d243a448455f1b297b48d338') in 0.073745 seconds
  Import took 0.078419 seconds .

========================================================================
Received Import Request.
  Time since last request: 0.000740 seconds.
  path: Assets/Standard Assets/CrossPlatformInput/Sprites/ButtonResetSprite.png
  artifactKey: Guid(a94c9a7eb94ceec4a8d67a1890e22e51) Importer(815301076,1909f56bfc062723c751e8b465ee728b)
Start importing Assets/Standard Assets/CrossPlatformInput/Sprites/ButtonResetSprite.png using Guid(a94c9a7eb94ceec4a8d67a1890e22e51) Importer(815301076,1909f56bfc062723c751e8b465ee728b)  -> (artifact id: 'c3f0dadb599844185bf6c6b58259d1bb') in 0.069746 seconds
  Import took 0.104739 seconds .

========================================================================
Received Import Request.
  Time since last request: 0.000244 seconds.
  path: Assets/Standard Assets/CrossPlatformInput/Sprites/ButtonArrowUpSprite.png
  artifactKey: Guid(4db017495c69e8140a56a0e2b669e3f8) Importer(815301076,1909f56bfc062723c751e8b465ee728b)
Start importing Assets/Standard Assets/CrossPlatformInput/Sprites/ButtonArrowUpSprite.png using Guid(4db017495c69e8140a56a0e2b669e3f8) Importer(815301076,1909f56bfc062723c751e8b465ee728b)  -> (artifact id: '67396b8ae040df094fa81215d4931138') in 0.078996 seconds
  Import took 0.102301 seconds .

========================================================================
Received Import Request.
  Time since last request: 0.000238 seconds.
  path: Assets/Standard Assets/CrossPlatformInput/Sprites/ButtonAcceleratorOverSprite.png
  artifactKey: Guid(eb5f6e2757c821940b69cf1456f7865a) Importer(815301076,1909f56bfc062723c751e8b465ee728b)
Start importing Assets/Standard Assets/CrossPlatformInput/Sprites/ButtonAcceleratorOverSprite.png using Guid(eb5f6e2757c821940b69cf1456f7865a) Importer(815301076,1909f56bfc062723c751e8b465ee728b)  -> (artifact id: '7bfccbd57035000208837bbd51d45695') in 0.021399 seconds
  Import took 0.027044 seconds .

========================================================================
Received Import Request.
  Time since last request: 0.000479 seconds.
  path: Assets/Standard Assets/CrossPlatformInput/Sprites/ButtonCameraCycleUpSprite.png
  artifactKey: Guid(a3983c59ebf804b4abba687bd7c9e92f) Importer(815301076,1909f56bfc062723c751e8b465ee728b)
Start importing Assets/Standard Assets/CrossPlatformInput/Sprites/ButtonCameraCycleUpSprite.png using Guid(a3983c59ebf804b4abba687bd7c9e92f) Importer(815301076,1909f56bfc062723c751e8b465ee728b)  -> (artifact id: 'dbb427624e6d9fb214aa915edec2fc2a') in 0.048598 seconds
  Import took 0.078906 seconds .

========================================================================
Received Import Request.
  Time since last request: 0.000225 seconds.
  path: Assets/Standard Assets/CrossPlatformInput/Sprites/ButtonAcceleratorUpSprite.png
  artifactKey: Guid(f588d850485d0ae479d73cf3bd0b7b00) Importer(815301076,1909f56bfc062723c751e8b465ee728b)
Start importing Assets/Standard Assets/CrossPlatformInput/Sprites/ButtonAcceleratorUpSprite.png using Guid(f588d850485d0ae479d73cf3bd0b7b00) Importer(815301076,1909f56bfc062723c751e8b465ee728b)  -> (artifact id: 'bd9cee88c02078446238c40cff22d712') in 0.065073 seconds
  Import took 0.097182 seconds .

========================================================================
Received Import Request.
  Time since last request: 68.825906 seconds.
  path: Assets/Sprites and Tiles/Sprites/cavesofgallet_tiles.png
  artifactKey: Guid(709b40e03c469e140b3307ab428dc40d) Importer(815301076,1909f56bfc062723c751e8b465ee728b)
Start importing Assets/Sprites and Tiles/Sprites/cavesofgallet_tiles.png using Guid(709b40e03c469e140b3307ab428dc40d) Importer(815301076,1909f56bfc062723c751e8b465ee728b)  -> (artifact id: 'ff3cddc5f4ba862572bc6cb32cf1b6fe') in 0.400291 seconds
  Import took 0.406621 seconds .

========================================================================
Received Prepare
Default GameObject BitMask: Water already registered

Registering precompiled user dll's ...
Registered in 0.001424 seconds.
Begin MonoManager ReloadAssembly
Native extension for WindowsStandalone target not found
Native extension for WebGL target not found
Refreshing native plugins compatible for Editor in 0.51 ms, found 1 plugins.
Preloading 0 native plugins for Editor in 0.00 ms.
Invoked RoslynAnalysisRunner static constructor.
RoslynAnalysisRunner will not be running.
RoslynAnalysisRunner has terminated.
Mono: successfully reloaded assembly
- Completed reload, in  1.169 seconds
Platform modules already initialized, skipping
Refreshing native plugins compatible for Editor in 0.95 ms, found 1 plugins.
Preloading 0 native plugins for Editor in 0.00 ms.
Unloading 2109 Unused Serialized files (Serialized files now loaded: 0)
System memory in use before: 99.6 MB.
System memory in use after: 99.7 MB.

Unloading 12 unused Assets to reduce memory usage. Loaded Objects now: 2608.
Total: 3.789000 ms (FindLiveObjects: 0.348200 ms CreateObjectMapping: 0.229600 ms MarkObjects: 3.038200 ms  DeleteObjects: 0.171400 ms)

========================================================================
Received Import Request.
  Time since last request: 99.763810 seconds.
  path: Assets/Sprites and Tiles/Sprites/cavesofgallet_tiles.png
  artifactKey: Guid(709b40e03c469e140b3307ab428dc40d) Importer(815301076,1909f56bfc062723c751e8b465ee728b)
Start importing Assets/Sprites and Tiles/Sprites/cavesofgallet_tiles.png using Guid(709b40e03c469e140b3307ab428dc40d) Importer(815301076,1909f56bfc062723c751e8b465ee728b)  -> (artifact id: '242f9bb2022bebcfe3bb29104e771c18') in 0.295461 seconds
  Import took 0.327887 seconds .

========================================================================
Received Prepare
Default GameObject BitMask: Water already registered

Registering precompiled user dll's ...
Registered in 0.001048 seconds.
Begin MonoManager ReloadAssembly
Native extension for WindowsStandalone target not found
Native extension for WebGL target not found
Refreshing native plugins compatible for Editor in 0.49 ms, found 1 plugins.
Preloading 0 native plugins for Editor in 0.00 ms.
Invoked RoslynAnalysisRunner static constructor.
RoslynAnalysisRunner will not be running.
RoslynAnalysisRunner has terminated.
Mono: successfully reloaded assembly
- Completed reload, in  1.268 seconds
Platform modules already initialized, skipping
Refreshing native plugins compatible for Editor in 0.52 ms, found 1 plugins.
Preloading 0 native plugins for Editor in 0.00 ms.
Unloading 2109 Unused Serialized files (Serialized files now loaded: 0)
System memory in use before: 99.7 MB.
System memory in use after: 99.7 MB.

Unloading 12 unused Assets to reduce memory usage. Loaded Objects now: 2613.
Total: 3.182400 ms (FindLiveObjects: 0.313000 ms CreateObjectMapping: 0.217600 ms MarkObjects: 2.531200 ms  DeleteObjects: 0.118300 ms)

========================================================================
Received Prepare
Default GameObject BitMask: Water already registered

Refreshing native plugins compatible for Editor in 2.75 ms, found 1 plugins.
Preloading 0 native plugins for Editor in 0.00 ms.
Unloading 9 Unused Serialized files (Serialized files now loaded: 0)
System memory in use before: 58.1 MB.
System memory in use after: 58.1 MB.

Unloading 9 unused Assets to reduce memory usage. Loaded Objects now: 2613.
Total: 5.439400 ms (FindLiveObjects: 0.517400 ms CreateObjectMapping: 0.487100 ms MarkObjects: 4.254600 ms  DeleteObjects: 0.177500 ms)

AssetImportWorkerClient::OnTransportError - code=2 error=End of file
